<?xml version="1.0" encoding="UTF-8"?>
<!-- Generated by org.testng.reporters.JUnitReportReporter -->
<testsuite skipped="0" hostname="DESKTOP-Q3OL5F5" name="testCases.Tc002_LoginFailure" tests="1" failures="0" timestamp="22 Feb 2023 22:12:10 GMT" time="0.926" errors="0">
  <testcase name="LoginFailure" time="0.926" classname="testCases.Tc002_LoginFailure"/>
</testsuite> <!-- testCases.Tc002_LoginFailure -->
