<?xml version="1.0" encoding="UTF-8"?>
<!-- Generated by org.testng.reporters.JUnitReportReporter -->
<testsuite skipped="0" hostname="DESKTOP-Q3OL5F5" name="testCases.Tc010_FileDownloaderTest" tests="1" failures="0" timestamp="22 Feb 2023 23:12:29 GMT" time="0.500" errors="0">
  <testcase name="FileDownloaderTest" time="0.500" classname="testCases.Tc010_FileDownloaderTest"/>
</testsuite> <!-- testCases.Tc010_FileDownloaderTest -->
