<?xml version="1.0" encoding="UTF-8"?>
<!-- Generated by org.testng.reporters.JUnitReportReporter -->
<testsuite skipped="0" hostname="DESKTOP-Q3OL5F5" name="testCases.Tc006_DropDownTest" tests="1" failures="0" timestamp="23 Feb 2023 14:57:58 GMT" time="5.935" errors="0">
  <testcase name="DropDownTest" time="5.935" classname="testCases.Tc006_DropDownTest"/>
</testsuite> <!-- testCases.Tc006_DropDownTest -->
