<?xml version="1.0" encoding="UTF-8"?>
<!-- Generated by org.testng.reporters.JUnitReportReporter -->
<testsuite skipped="0" hostname="DESKTOP-Q3OL5F5" name="testCases.Tc012_FloatingMenuTest" tests="1" failures="0" timestamp="22 Feb 2023 21:54:20 GMT" time="0.652" errors="0">
  <testcase name="FloatingMenuTest" time="0.652" classname="testCases.Tc012_FloatingMenuTest"/>
</testsuite> <!-- testCases.Tc012_FloatingMenuTest -->
