<?xml version="1.0" encoding="UTF-8"?>
<!-- Generated by org.testng.reporters.JUnitReportReporter -->
<testsuite skipped="0" hostname="DESKTOP-Q3OL5F5" name="testCases.Tc013_iframeTest" tests="1" failures="0" timestamp="23 Feb 2023 14:57:58 GMT" time="0.608" errors="0">
  <testcase name="iframeTest" time="0.608" classname="testCases.Tc013_iframeTest"/>
</testsuite> <!-- testCases.Tc013_iframeTest -->
