<?xml version="1.0" encoding="UTF-8"?>
<!-- Generated by org.testng.reporters.JUnitReportReporter -->
<testsuite skipped="0" hostname="DESKTOP-Q3OL5F5" name="testCases.Tc005_dragDropTest" tests="1" failures="0" timestamp="22 Feb 2023 23:12:29 GMT" time="2.174" errors="0">
  <testcase name="dragDropTest" time="2.174" classname="testCases.Tc005_dragDropTest"/>
</testsuite> <!-- testCases.Tc005_dragDropTest -->
