<?xml version="1.0" encoding="UTF-8"?>
<!-- Generated by org.testng.reporters.JUnitReportReporter -->
<testsuite skipped="0" hostname="DESKTOP-Q3OL5F5" name="testCases.Tc013_iframeTest" tests="1" failures="0" timestamp="22 Feb 2023 23:12:29 GMT" time="0.955" errors="0">
  <testcase name="iframeTest" time="0.955" classname="testCases.Tc013_iframeTest"/>
</testsuite> <!-- testCases.Tc013_iframeTest -->
